<?xml version="1.0" encoding="UTF-8"?>
<testng-results ignored="0" total="1" passed="1" failed="0" skipped="0">
  <reporter-output>
  </reporter-output>
  <suite started-at="2025-06-23T14:07:30 IST" name="Default suite" finished-at="2025-06-23T14:07:30 IST" duration-ms="516">
    <groups>
    </groups>
    <test started-at="2025-06-23T14:07:30 IST" name="Default test" finished-at="2025-06-23T14:07:30 IST" duration-ms="516">
      <class name="Extentreports.LearnExtentReport">
        <test-method signature="createReport()[pri:0, instance:Extentreports.LearnExtentReport@3fc2959f]" started-at="2025-06-23T14:07:30 IST" name="createReport" finished-at="2025-06-23T14:07:30 IST" duration-ms="472" status="PASS">
          <reporter-output>
          </reporter-output>
        </test-method> <!-- createReport -->
      </class> <!-- Extentreports.LearnExtentReport -->
    </test> <!-- Default test -->
  </suite> <!-- Default suite -->
</testng-results>
